<?xml version="1.0" encoding="UTF-8"?>
<!-- Generated by org.testng.reporters.JUnitXMLReporter -->
<testsuite ignored="0" hostname="5CG7084560" failures="0" tests="10" name="Default test" time="10.601" errors="0" timestamp="2021-11-26T00:53:52 SGT">
  <testcase classname="OpenSource.Automation.Tests.Test.TestSetup" name="launchLogin" time="9.306"/>
  <testcase classname="OpenSource.Automation.Tests.Test.TestSetup" name="verifyCustomerService" time="0.12"/>
  <testcase classname="OpenSource.Automation.Tests.Test.TestSetup" name="verifyFeedback" time="0.082"/>
  <testcase classname="OpenSource.Automation.Tests.Test.TestSetup" name="verifyFundSolution" time="0.056"/>
  <testcase classname="OpenSource.Automation.Tests.Test.TestSetup" name="verifyInvestorEducation" time="0.056"/>
  <testcase classname="OpenSource.Automation.Tests.Test.TestSetup" name="verifyLogin" time="0.046"/>
  <testcase classname="OpenSource.Automation.Tests.Test.TestSetup" name="verifyLogo" time="0.041"/>
  <testcase classname="OpenSource.Automation.Tests.Test.TestSetup" name="verifyMarketInsights" time="0.053"/>
  <testcase classname="OpenSource.Automation.Tests.Test.TestSetup" name="verifyReports" time="0.054"/>
  <testcase classname="OpenSource.Automation.Tests.Test.TestSetup" name="verifySearchBox" time="0.04"/>
</testsuite> <!-- Default test -->
