<?xml version="1.0" encoding="UTF-8"?>
<!-- Generated by org.testng.reporters.JUnitXMLReporter -->
<testsuite ignored="0" hostname="LT-JKUOK-WG" failures="0" tests="10" name="Default test" time="6.139" errors="0" timestamp="2021-11-27T17:15:18 MYT">
  <testcase classname="OpenSource.Automation.Tests.Test.TestSetup" name="launchLogin" time="5.358"/>
  <testcase classname="OpenSource.Automation.Tests.Test.TestSetup" name="verifyCustomerService" time="0.046"/>
  <testcase classname="OpenSource.Automation.Tests.Test.TestSetup" name="verifyFeedback" time="0.058"/>
  <testcase classname="OpenSource.Automation.Tests.Test.TestSetup" name="verifyFundSolution" time="0.036"/>
  <testcase classname="OpenSource.Automation.Tests.Test.TestSetup" name="verifyInvestorEducation" time="0.034"/>
  <testcase classname="OpenSource.Automation.Tests.Test.TestSetup" name="verifyLogin" time="0.038"/>
  <testcase classname="OpenSource.Automation.Tests.Test.TestSetup" name="verifyLogo" time="0.031"/>
  <testcase classname="OpenSource.Automation.Tests.Test.TestSetup" name="verifyMarketInsights" time="0.037"/>
  <testcase classname="OpenSource.Automation.Tests.Test.TestSetup" name="verifyReports" time="0.037"/>
  <testcase classname="OpenSource.Automation.Tests.Test.TestSetup" name="verifySearchBox" time="0.031"/>
</testsuite> <!-- Default test -->
